<?xml version="1.0" encoding="UTF-8"?>
<testsuite xmlns:xsi="http://www.w3.org/2001/XMLSchema-instance" xsi:noNamespaceSchemaLocation="https://maven.apache.org/surefire/maven-surefire-plugin/xsd/surefire-test-report-3.0.xsd" version="3.0" name="com.test.service.UserServiceTest" time="1.491" tests="1" errors="0" skipped="0" failures="0">
  <properties>
[...]
</properties>
  <testcase name="testSaveOne" classname="com.test.service.UserServiceTest" time="0.839">
    <system-out><![CDATA[true
]]></system-out>
    <system-err><![CDATA[二月 23, 2025 10:31:23 下午 org.springframework.test.context.support.AbstractTestContextBootstrapper getDefaultTestExecutionListenerClassNames
信息: Loaded default TestExecutionListener class names from location [META-INF/spring.factories]: [org.springframework.test.context.web.ServletTestExecutionListener, org.springframework.test.context.support.DirtiesContextBeforeModesTestExecutionListener, org.springframework.test.context.support.DependencyInjectionTestExecutionListener, org.springframework.test.context.support.DirtiesContextTestExecutionListener, org.springframework.test.context.transaction.TransactionalTestExecutionListener, org.springframework.test.context.jdbc.SqlScriptsTestExecutionListener, org.springframework.test.context.event.EventPublishingTestExecutionListener]
二月 23, 2025 10:31:23 下午 org.springframework.test.context.support.AbstractTestContextBootstrapper getTestExecutionListeners
信息: Using TestExecutionListeners: [org.springframework.test.context.web.ServletTestExecutionListener@f97850, org.springframework.test.context.support.DirtiesContextBeforeModesTestExecutionListener@f60048, org.springframework.test.context.support.DependencyInjectionTestExecutionListener@1548a08, org.springframework.test.context.support.DirtiesContextTestExecutionListener@aa0a0a, org.springframework.test.context.transaction.TransactionalTestExecutionListener@180cb77, org.springframework.test.context.jdbc.SqlScriptsTestExecutionListener@11a7f8f, org.springframework.test.context.event.EventPublishingTestExecutionListener@a7bc6e]
二月 23, 2025 10:31:23 下午 com.alibaba.druid.support.logging.JakartaCommonsLoggingImpl info
信息: {dataSource-1} inited
]]></system-err>
  </testcase>
</testsuite>